<?xml version="1.0" encoding="UTF-8"?>
<testsuite xmlns:xsi="http://www.w3.org/2001/XMLSchema-instance" xsi:noNamespaceSchemaLocation="https://maven.apache.org/surefire/maven-surefire-plugin/xsd/surefire-test-report.xsd" name="com.ebolotina.moneytransfer.service.TransferServiceTests" time="8.756" tests="4" errors="0" skipped="0" failures="0">
  <properties>
[...]
</properties>
  <testcase name="invalidAmount" classname="com.ebolotina.moneytransfer.service.TransferServiceTests" time="6.495"/>
  <testcase name="transfer100USDDiffrentCurrency" classname="com.ebolotina.moneytransfer.service.TransferServiceTests" time="0.647"/>
  <testcase name="transfer4000RURNonSufficientFunds" classname="com.ebolotina.moneytransfer.service.TransferServiceTests" time="0.807"/>
  <testcase name="transfer100RURSuccessful" classname="com.ebolotina.moneytransfer.service.TransferServiceTests" time="0.543"/>
</testsuite>